11:26:32 **** Incremental Build of configuration Debug for project Tetris_STM_code ****
make -j16 all 
arm-none-eabi-size  Tetris_STM_code.elf 
   text	   data	    bss	    dec	    hex	filename
  15428	   1920	   3160	  20508	   501c	Tetris_STM_code.elf
Finished building: default.size.stdout
 
11:28:47 **** Incremental Build of configuration Debug for project Tetris_STM_code ****
make -j16 all 
arm-none-eabi-gcc "../tetrisGame/tetrisGame.c" -mcpu=cortex-m0plus -std=gnu11 -g3 -DDEBUG -DUSE_HAL_DRIVER -DSTM32L031xx -c -I../Core/Inc -I"C:/Users/pontet/Desktop/Tetris_STM/Tetris_STM_code/tetrisGame" -I../Drivers/STM32L0xx_HAL_Driver/Inc -I../Drivers/STM32L0xx_HAL_Driver/Inc/Legacy -I../Drivers/CMSIS/Device/ST/STM32L0xx/Include -I../Drivers/CMSIS/Include -I"C:/Users/pontet/Desktop/Tetris_STM/Tetris_STM_code/ssd1306" -Os -ffunction-sections -fdata-sections -Wall -fstack-usage -fcyclomatic-complexity -MMD -MP -MF"tetrisGame/tetrisGame.d" -MT"tetrisGame/tetrisGame.o" --specs=nano.specs -mfloat-abi=soft -mthumb -o "tetrisGame/tetrisGame.o"
../tetrisGame/tetrisGame.c: In function 'tetrisGame':
../tetrisGame/tetrisGame.c:218:36: warning: format '%d' expects argument of type 'int', but argument 2 has type 'uint32_t' {aka 'long unsigned int'} [-Wformat=]
  218 |             printf("Score total : %d\n", getScore());
      |                                   ~^     ~~~~~~~~~~
      |                                    |     |
      |                                    int   uint32_t {aka long unsigned int}
      |                                   %ld
arm-none-eabi-gcc -o "Tetris_STM_code.elf" @"objects.list"   -mcpu=cortex-m0plus -T"C:\Users\pontet\Desktop\Tetris_STM\Tetris_STM_code\STM32L031K6TX_FLASH.ld" --specs=nosys.specs -Wl,-Map="Tetris_STM_code.map" -Wl,--gc-sections -static --specs=nano.specs -mfloat-abi=soft -mthumb -Wl,--start-group -lc -lm -Wl,--end-group
Finished building target: Tetris_STM_code.elf
 
arm-none-eabi-size  Tetris_STM_code.elf 
arm-none-eabi-objdump -h -S Tetris_STM_code.elf  > "Tetris_STM_code.list"
   text	   data	    bss	    dec	    hex	filename
  15432	   1920	   3160	  20512	   5020	Tetris_STM_code.elf
arm-none-eabi-objcopy  -O binary Tetris_STM_code.elf  "Tetris_STM_code.bin"
Finished building: default.size.stdout
 
Finished building: Tetris_STM_code.bin
 
Finished building: Tetris_STM_code.list
 
11:28:50 **** Incremental Build of configuration Debug for project Tetris_STM_code ****
make -j16 all 
arm-none-eabi-gcc "../tetrisGame/tetrisGame.c" -mcpu=cortex-m0plus -std=gnu11 -g3 -DDEBUG -DUSE_HAL_DRIVER -DSTM32L031xx -c -I../Core/Inc -I"C:/Users/pontet/Desktop/Tetris_STM/Tetris_STM_code/tetrisGame" -I../Drivers/STM32L0xx_HAL_Driver/Inc -I../Drivers/STM32L0xx_HAL_Driver/Inc/Legacy -I../Drivers/CMSIS/Device/ST/STM32L0xx/Include -I../Drivers/CMSIS/Include -I"C:/Users/pontet/Desktop/Tetris_STM/Tetris_STM_code/ssd1306" -Os -ffunction-sections -fdata-sections -Wall -fstack-usage -fcyclomatic-complexity -MMD -MP -MF"tetrisGame/tetrisGame.d" -MT"tetrisGame/tetrisGame.o" --specs=nano.specs -mfloat-abi=soft -mthumb -o "tetrisGame/tetrisGame.o"
arm-none-eabi-gcc -o "Tetris_STM_code.elf" @"objects.list"   -mcpu=cortex-m0plus -T"C:\Users\pontet\Desktop\Tetris_STM\Tetris_STM_code\STM32L031K6TX_FLASH.ld" --specs=nosys.specs -Wl,-Map="Tetris_STM_code.map" -Wl,--gc-sections -static --specs=nano.specs -mfloat-abi=soft -mthumb -Wl,--start-group -lc -lm -Wl,--end-group
Finished building target: Tetris_STM_code.elf
 
arm-none-eabi-size  Tetris_STM_code.elf 
arm-none-eabi-objdump -h -S Tetris_STM_code.elf  > "Tetris_STM_code.list"
   text	   data	    bss	    dec	    hex	filename
  15436	   1920	   3160	  20516	   5024	Tetris_STM_code.elf
arm-none-eabi-objcopy  -O binary Tetris_STM_code.elf  "Tetris_STM_code.bin"
Finished building: default.size.stdout
 
Finished building: Tetris_STM_code.bin
 
Finished building: Tetris_STM_code.list
 
11:28:52 **** Incremental Build of configuration Debug for project Tetris_STM_code ****
make -j16 all 
arm-none-eabi-size  Tetris_STM_code.elf 
   text	   data	    bss	    dec	    hex	filename
  15436	   1920	   3160	  20516	   5024	Tetris_STM_code.elf
Finished building: default.size.stdout
 
11:31:36 **** Incremental Build of configuration Debug for project Tetris_STM_code ****
make -j16 all 
arm-none-eabi-gcc "../tetrisGame/tetrisScoring.c" -mcpu=cortex-m0plus -std=gnu11 -g3 -DDEBUG -DUSE_HAL_DRIVER -DSTM32L031xx -c -I../Core/Inc -I"C:/Users/pontet/Desktop/Tetris_STM/Tetris_STM_code/tetrisGame" -I../Drivers/STM32L0xx_HAL_Driver/Inc -I../Drivers/STM32L0xx_HAL_Driver/Inc/Legacy -I../Drivers/CMSIS/Device/ST/STM32L0xx/Include -I../Drivers/CMSIS/Include -I"C:/Users/pontet/Desktop/Tetris_STM/Tetris_STM_code/ssd1306" -Os -ffunction-sections -fdata-sections -Wall -fstack-usage -fcyclomatic-complexity -MMD -MP -MF"tetrisGame/tetrisScoring.d" -MT"tetrisGame/tetrisScoring.o" --specs=nano.specs -mfloat-abi=soft -mthumb -o "tetrisGame/tetrisScoring.o"
arm-none-eabi-gcc -o "Tetris_STM_code.elf" @"objects.list"   -mcpu=cortex-m0plus -T"C:\Users\pontet\Desktop\Tetris_STM\Tetris_STM_code\STM32L031K6TX_FLASH.ld" --specs=nosys.specs -Wl,-Map="Tetris_STM_code.map" -Wl,--gc-sections -static --specs=nano.specs -mfloat-abi=soft -mthumb -Wl,--start-group -lc -lm -Wl,--end-group
Finished building target: Tetris_STM_code.elf
 
arm-none-eabi-size  Tetris_STM_code.elf 
arm-none-eabi-objdump -h -S Tetris_STM_code.elf  > "Tetris_STM_code.list"
   text	   data	    bss	    dec	    hex	filename
  15436	   1920	   3160	  20516	   5024	Tetris_STM_code.elf
arm-none-eabi-objcopy  -O binary Tetris_STM_code.elf  "Tetris_STM_code.bin"
Finished building: default.size.stdout
 
Finished building: Tetris_STM_code.bin
 
Finished building: Tetris_STM_code.list
 
11:32:17 **** Incremental Build of configuration Debug for project Tetris_STM_code ****
make -j16 all 
arm-none-eabi-gcc "../tetrisGame/tetrisScoring.c" -mcpu=cortex-m0plus -std=gnu11 -g3 -DDEBUG -DUSE_HAL_DRIVER -DSTM32L031xx -c -I../Core/Inc -I"C:/Users/pontet/Desktop/Tetris_STM/Tetris_STM_code/tetrisGame" -I../Drivers/STM32L0xx_HAL_Driver/Inc -I../Drivers/STM32L0xx_HAL_Driver/Inc/Legacy -I../Drivers/CMSIS/Device/ST/STM32L0xx/Include -I../Drivers/CMSIS/Include -I"C:/Users/pontet/Desktop/Tetris_STM/Tetris_STM_code/ssd1306" -Os -ffunction-sections -fdata-sections -Wall -fstack-usage -fcyclomatic-complexity -MMD -MP -MF"tetrisGame/tetrisScoring.d" -MT"tetrisGame/tetrisScoring.o" --specs=nano.specs -mfloat-abi=soft -mthumb -o "tetrisGame/tetrisScoring.o"
arm-none-eabi-gcc -o "Tetris_STM_code.elf" @"objects.list"   -mcpu=cortex-m0plus -T"C:\Users\pontet\Desktop\Tetris_STM\Tetris_STM_code\STM32L031K6TX_FLASH.ld" --specs=nosys.specs -Wl,-Map="Tetris_STM_code.map" -Wl,--gc-sections -static --specs=nano.specs -mfloat-abi=soft -mthumb -Wl,--start-group -lc -lm -Wl,--end-group
Finished building target: Tetris_STM_code.elf
 
arm-none-eabi-size  Tetris_STM_code.elf 
arm-none-eabi-objdump -h -S Tetris_STM_code.elf  > "Tetris_STM_code.list"
   text	   data	    bss	    dec	    hex	filename
  15448	   1920	   3160	  20528	   5030	Tetris_STM_code.elf
arm-none-eabi-objcopy  -O binary Tetris_STM_code.elf  "Tetris_STM_code.bin"
Finished building: default.size.stdout
 
Finished building: Tetris_STM_code.bin
 
Finished building: Tetris_STM_code.list
 
11:40:33 **** Incremental Build of configuration Debug for project Tetris_STM_code ****
make -j16 all 
arm-none-eabi-gcc "../tetrisGame/tetrisGame.c" -mcpu=cortex-m0plus -std=gnu11 -g3 -DDEBUG -DUSE_HAL_DRIVER -DSTM32L031xx -c -I../Core/Inc -I"C:/Users/pontet/Desktop/Tetris_STM/Tetris_STM_code/tetrisGame" -I../Drivers/STM32L0xx_HAL_Driver/Inc -I../Drivers/STM32L0xx_HAL_Driver/Inc/Legacy -I../Drivers/CMSIS/Device/ST/STM32L0xx/Include -I../Drivers/CMSIS/Include -I"C:/Users/pontet/Desktop/Tetris_STM/Tetris_STM_code/ssd1306" -Os -ffunction-sections -fdata-sections -Wall -fstack-usage -fcyclomatic-complexity -MMD -MP -MF"tetrisGame/tetrisGame.d" -MT"tetrisGame/tetrisGame.o" --specs=nano.specs -mfloat-abi=soft -mthumb -o "tetrisGame/tetrisGame.o"
arm-none-eabi-gcc "../tetrisGame/tetrisLeveling.c" -mcpu=cortex-m0plus -std=gnu11 -g3 -DDEBUG -DUSE_HAL_DRIVER -DSTM32L031xx -c -I../Core/Inc -I"C:/Users/pontet/Desktop/Tetris_STM/Tetris_STM_code/tetrisGame" -I../Drivers/STM32L0xx_HAL_Driver/Inc -I../Drivers/STM32L0xx_HAL_Driver/Inc/Legacy -I../Drivers/CMSIS/Device/ST/STM32L0xx/Include -I../Drivers/CMSIS/Include -I"C:/Users/pontet/Desktop/Tetris_STM/Tetris_STM_code/ssd1306" -Os -ffunction-sections -fdata-sections -Wall -fstack-usage -fcyclomatic-complexity -MMD -MP -MF"tetrisGame/tetrisLeveling.d" -MT"tetrisGame/tetrisLeveling.o" --specs=nano.specs -mfloat-abi=soft -mthumb -o "tetrisGame/tetrisLeveling.o"
arm-none-eabi-gcc "../tetrisGame/tetrisScoring.c" -mcpu=cortex-m0plus -std=gnu11 -g3 -DDEBUG -DUSE_HAL_DRIVER -DSTM32L031xx -c -I../Core/Inc -I"C:/Users/pontet/Desktop/Tetris_STM/Tetris_STM_code/tetrisGame" -I../Drivers/STM32L0xx_HAL_Driver/Inc -I../Drivers/STM32L0xx_HAL_Driver/Inc/Legacy -I../Drivers/CMSIS/Device/ST/STM32L0xx/Include -I../Drivers/CMSIS/Include -I"C:/Users/pontet/Desktop/Tetris_STM/Tetris_STM_code/ssd1306" -Os -ffunction-sections -fdata-sections -Wall -fstack-usage -fcyclomatic-complexity -MMD -MP -MF"tetrisGame/tetrisScoring.d" -MT"tetrisGame/tetrisScoring.o" --specs=nano.specs -mfloat-abi=soft -mthumb -o "tetrisGame/tetrisScoring.o"
arm-none-eabi-gcc "../tetrisGame/tetrisStartMenu.c" -mcpu=cortex-m0plus -std=gnu11 -g3 -DDEBUG -DUSE_HAL_DRIVER -DSTM32L031xx -c -I../Core/Inc -I"C:/Users/pontet/Desktop/Tetris_STM/Tetris_STM_code/tetrisGame" -I../Drivers/STM32L0xx_HAL_Driver/Inc -I../Drivers/STM32L0xx_HAL_Driver/Inc/Legacy -I../Drivers/CMSIS/Device/ST/STM32L0xx/Include -I../Drivers/CMSIS/Include -I"C:/Users/pontet/Desktop/Tetris_STM/Tetris_STM_code/ssd1306" -Os -ffunction-sections -fdata-sections -Wall -fstack-usage -fcyclomatic-complexity -MMD -MP -MF"tetrisGame/tetrisStartMenu.d" -MT"tetrisGame/tetrisStartMenu.o" --specs=nano.specs -mfloat-abi=soft -mthumb -o "tetrisGame/tetrisStartMenu.o"
arm-none-eabi-gcc "../tetrisGame/userOled.c" -mcpu=cortex-m0plus -std=gnu11 -g3 -DDEBUG -DUSE_HAL_DRIVER -DSTM32L031xx -c -I../Core/Inc -I"C:/Users/pontet/Desktop/Tetris_STM/Tetris_STM_code/tetrisGame" -I../Drivers/STM32L0xx_HAL_Driver/Inc -I../Drivers/STM32L0xx_HAL_Driver/Inc/Legacy -I../Drivers/CMSIS/Device/ST/STM32L0xx/Include -I../Drivers/CMSIS/Include -I"C:/Users/pontet/Desktop/Tetris_STM/Tetris_STM_code/ssd1306" -Os -ffunction-sections -fdata-sections -Wall -fstack-usage -fcyclomatic-complexity -MMD -MP -MF"tetrisGame/userOled.d" -MT"tetrisGame/userOled.o" --specs=nano.specs -mfloat-abi=soft -mthumb -o "tetrisGame/userOled.o"
arm-none-eabi-gcc -o "Tetris_STM_code.elf" @"objects.list"   -mcpu=cortex-m0plus -T"C:\Users\pontet\Desktop\Tetris_STM\Tetris_STM_code\STM32L031K6TX_FLASH.ld" --specs=nosys.specs -Wl,-Map="Tetris_STM_code.map" -Wl,--gc-sections -static --specs=nano.specs -mfloat-abi=soft -mthumb -Wl,--start-group -lc -lm -Wl,--end-group
Finished building target: Tetris_STM_code.elf
 
arm-none-eabi-size  Tetris_STM_code.elf 
arm-none-eabi-objdump -h -S Tetris_STM_code.elf  > "Tetris_STM_code.list"
   text	   data	    bss	    dec	    hex	filename
  15448	   1920	   3160	  20528	   5030	Tetris_STM_code.elf
arm-none-eabi-objcopy  -O binary Tetris_STM_code.elf  "Tetris_STM_code.bin"
Finished building: default.size.stdout
 
Finished building: Tetris_STM_code.bin
 
Finished building: Tetris_STM_code.list
 
11:41:55 **** Incremental Build of configuration Debug for project Tetris_STM_code ****
make -j16 all 
arm-none-eabi-gcc "../tetrisGame/tetrisLeveling.c" -mcpu=cortex-m0plus -std=gnu11 -g3 -DDEBUG -DUSE_HAL_DRIVER -DSTM32L031xx -c -I../Core/Inc -I"C:/Users/pontet/Desktop/Tetris_STM/Tetris_STM_code/tetrisGame" -I../Drivers/STM32L0xx_HAL_Driver/Inc -I../Drivers/STM32L0xx_HAL_Driver/Inc/Legacy -I../Drivers/CMSIS/Device/ST/STM32L0xx/Include -I../Drivers/CMSIS/Include -I"C:/Users/pontet/Desktop/Tetris_STM/Tetris_STM_code/ssd1306" -Os -ffunction-sections -fdata-sections -Wall -fstack-usage -fcyclomatic-complexity -MMD -MP -MF"tetrisGame/tetrisLeveling.d" -MT"tetrisGame/tetrisLeveling.o" --specs=nano.specs -mfloat-abi=soft -mthumb -o "tetrisGame/tetrisLeveling.o"
arm-none-eabi-gcc "../tetrisGame/tetrisScoring.c" -mcpu=cortex-m0plus -std=gnu11 -g3 -DDEBUG -DUSE_HAL_DRIVER -DSTM32L031xx -c -I../Core/Inc -I"C:/Users/pontet/Desktop/Tetris_STM/Tetris_STM_code/tetrisGame" -I../Drivers/STM32L0xx_HAL_Driver/Inc -I../Drivers/STM32L0xx_HAL_Driver/Inc/Legacy -I../Drivers/CMSIS/Device/ST/STM32L0xx/Include -I../Drivers/CMSIS/Include -I"C:/Users/pontet/Desktop/Tetris_STM/Tetris_STM_code/ssd1306" -Os -ffunction-sections -fdata-sections -Wall -fstack-usage -fcyclomatic-complexity -MMD -MP -MF"tetrisGame/tetrisScoring.d" -MT"tetrisGame/tetrisScoring.o" --specs=nano.specs -mfloat-abi=soft -mthumb -o "tetrisGame/tetrisScoring.o"
../tetrisGame/tetrisLeveling.c: In function 'newLevelCalculate':
../tetrisGame/tetrisLeveling.c:19: error: expected '{' at end of input
make: *** [tetrisGame/subdir.mk:31: tetrisGame/tetrisLeveling.o] Error 1
make: *** Waiting for unfinished jobs....
../tetrisGame/tetrisScoring.c: In function 'calculateScore':
../tetrisGame/tetrisScoring.c:32:9: warning: implicit declaration of function 'newLevelCalculate' [-Wimplicit-function-declaration]
   32 |         newLevelCalculate(numberOfLineCompleted);
      |         ^~~~~~~~~~~~~~~~~
"make -j16 all" terminated with exit code 2. Build might be incomplete.
11:43:13 **** Incremental Build of configuration Debug for project Tetris_STM_code ****
make -j16 all 
arm-none-eabi-gcc "../tetrisGame/tetrisLeveling.c" -mcpu=cortex-m0plus -std=gnu11 -g3 -DDEBUG -DUSE_HAL_DRIVER -DSTM32L031xx -c -I../Core/Inc -I"C:/Users/pontet/Desktop/Tetris_STM/Tetris_STM_code/tetrisGame" -I../Drivers/STM32L0xx_HAL_Driver/Inc -I../Drivers/STM32L0xx_HAL_Driver/Inc/Legacy -I../Drivers/CMSIS/Device/ST/STM32L0xx/Include -I../Drivers/CMSIS/Include -I"C:/Users/pontet/Desktop/Tetris_STM/Tetris_STM_code/ssd1306" -Os -ffunction-sections -fdata-sections -Wall -fstack-usage -fcyclomatic-complexity -MMD -MP -MF"tetrisGame/tetrisLeveling.d" -MT"tetrisGame/tetrisLeveling.o" --specs=nano.specs -mfloat-abi=soft -mthumb -o "tetrisGame/tetrisLeveling.o"
arm-none-eabi-gcc "../tetrisGame/tetrisScoring.c" -mcpu=cortex-m0plus -std=gnu11 -g3 -DDEBUG -DUSE_HAL_DRIVER -DSTM32L031xx -c -I../Core/Inc -I"C:/Users/pontet/Desktop/Tetris_STM/Tetris_STM_code/tetrisGame" -I../Drivers/STM32L0xx_HAL_Driver/Inc -I../Drivers/STM32L0xx_HAL_Driver/Inc/Legacy -I../Drivers/CMSIS/Device/ST/STM32L0xx/Include -I../Drivers/CMSIS/Include -I"C:/Users/pontet/Desktop/Tetris_STM/Tetris_STM_code/ssd1306" -Os -ffunction-sections -fdata-sections -Wall -fstack-usage -fcyclomatic-complexity -MMD -MP -MF"tetrisGame/tetrisScoring.d" -MT"tetrisGame/tetrisScoring.o" --specs=nano.specs -mfloat-abi=soft -mthumb -o "tetrisGame/tetrisScoring.o"
../tetrisGame/tetrisScoring.c: In function 'calculateScore':
../tetrisGame/tetrisScoring.c:32:9: warning: implicit declaration of function 'newLevelCalculate' [-Wimplicit-function-declaration]
   32 |         newLevelCalculate(numberOfLineCompleted);
      |         ^~~~~~~~~~~~~~~~~
../tetrisGame/tetrisScoring.c: In function 'addScoreLine':
../tetrisGame/tetrisScoring.c:51:27: warning: implicit declaration of function 'getLevelNumber' [-Wimplicit-function-declaration]
   51 |         int levelNumber = getLevelNumber();
      |                           ^~~~~~~~~~~~~~
arm-none-eabi-gcc -o "Tetris_STM_code.elf" @"objects.list"   -mcpu=cortex-m0plus -T"C:\Users\pontet\Desktop\Tetris_STM\Tetris_STM_code\STM32L031K6TX_FLASH.ld" --specs=nosys.specs -Wl,-Map="Tetris_STM_code.map" -Wl,--gc-sections -static --specs=nano.specs -mfloat-abi=soft -mthumb -Wl,--start-group -lc -lm -Wl,--end-group
C:/ST/STM32CubeIDE_1.2.0/STM32CubeIDE/plugins/com.st.stm32cube.ide.mcu.externaltools.gnu-tools-for-stm32.11.3.rel1.win32_1.1.100.202309141235/tools/bin/../lib/gcc/arm-none-eabi/11.3.1/../../../../arm-none-eabi/bin/ld.exe: ./tetrisGame/tetrisScoring.o:C:/Users/pontet/Desktop/Tetris_STM/Tetris_STM_code/Debug/../tetrisGame/tetrisScoring.c:16: multiple definition of `levelNumber'; ./tetrisGame/tetrisLeveling.o:C:/Users/pontet/Desktop/Tetris_STM/Tetris_STM_code/Debug/../tetrisGame/tetrisLeveling.c:15: first defined here
collect2.exe: error: ld returned 1 exit status
make: *** [makefile:69: Tetris_STM_code.elf] Error 1
"make -j16 all" terminated with exit code 2. Build might be incomplete.
11:43:28 **** Incremental Build of configuration Debug for project Tetris_STM_code ****
make -j16 all 
arm-none-eabi-gcc "../tetrisGame/tetrisScoring.c" -mcpu=cortex-m0plus -std=gnu11 -g3 -DDEBUG -DUSE_HAL_DRIVER -DSTM32L031xx -c -I../Core/Inc -I"C:/Users/pontet/Desktop/Tetris_STM/Tetris_STM_code/tetrisGame" -I../Drivers/STM32L0xx_HAL_Driver/Inc -I../Drivers/STM32L0xx_HAL_Driver/Inc/Legacy -I../Drivers/CMSIS/Device/ST/STM32L0xx/Include -I../Drivers/CMSIS/Include -I"C:/Users/pontet/Desktop/Tetris_STM/Tetris_STM_code/ssd1306" -Os -ffunction-sections -fdata-sections -Wall -fstack-usage -fcyclomatic-complexity -MMD -MP -MF"tetrisGame/tetrisScoring.d" -MT"tetrisGame/tetrisScoring.o" --specs=nano.specs -mfloat-abi=soft -mthumb -o "tetrisGame/tetrisScoring.o"
../tetrisGame/tetrisScoring.c: In function 'calculateScore':
../tetrisGame/tetrisScoring.c:33:9: warning: implicit declaration of function 'newLevelCalculate' [-Wimplicit-function-declaration]
   33 |         newLevelCalculate(numberOfLineCompleted);
      |         ^~~~~~~~~~~~~~~~~
../tetrisGame/tetrisScoring.c: In function 'addScoreLine':
../tetrisGame/tetrisScoring.c:52:27: warning: implicit declaration of function 'getLevelNumber' [-Wimplicit-function-declaration]
   52 |         int levelNumber = getLevelNumber();
      |                           ^~~~~~~~~~~~~~
arm-none-eabi-gcc -o "Tetris_STM_code.elf" @"objects.list"   -mcpu=cortex-m0plus -T"C:\Users\pontet\Desktop\Tetris_STM\Tetris_STM_code\STM32L031K6TX_FLASH.ld" --specs=nosys.specs -Wl,-Map="Tetris_STM_code.map" -Wl,--gc-sections -static --specs=nano.specs -mfloat-abi=soft -mthumb -Wl,--start-group -lc -lm -Wl,--end-group
C:/ST/STM32CubeIDE_1.2.0/STM32CubeIDE/plugins/com.st.stm32cube.ide.mcu.externaltools.gnu-tools-for-stm32.11.3.rel1.win32_1.1.100.202309141235/tools/bin/../lib/gcc/arm-none-eabi/11.3.1/../../../../arm-none-eabi/bin/ld.exe: ./tetrisGame/tetrisScoring.o:C:/Users/pontet/Desktop/Tetris_STM/Tetris_STM_code/Debug/../tetrisGame/tetrisScoring.c:17: multiple definition of `levelNumber'; ./tetrisGame/tetrisLeveling.o:C:/Users/pontet/Desktop/Tetris_STM/Tetris_STM_code/Debug/../tetrisGame/tetrisLeveling.c:15: first defined here
collect2.exe: error: ld returned 1 exit status
make: *** [makefile:69: Tetris_STM_code.elf] Error 1
"make -j16 all" terminated with exit code 2. Build might be incomplete.
11:43:56 **** Incremental Build of configuration Debug for project Tetris_STM_code ****
make -j16 all 
arm-none-eabi-gcc "../tetrisGame/tetrisLeveling.c" -mcpu=cortex-m0plus -std=gnu11 -g3 -DDEBUG -DUSE_HAL_DRIVER -DSTM32L031xx -c -I../Core/Inc -I"C:/Users/pontet/Desktop/Tetris_STM/Tetris_STM_code/tetrisGame" -I../Drivers/STM32L0xx_HAL_Driver/Inc -I../Drivers/STM32L0xx_HAL_Driver/Inc/Legacy -I../Drivers/CMSIS/Device/ST/STM32L0xx/Include -I../Drivers/CMSIS/Include -I"C:/Users/pontet/Desktop/Tetris_STM/Tetris_STM_code/ssd1306" -Os -ffunction-sections -fdata-sections -Wall -fstack-usage -fcyclomatic-complexity -MMD -MP -MF"tetrisGame/tetrisLeveling.d" -MT"tetrisGame/tetrisLeveling.o" --specs=nano.specs -mfloat-abi=soft -mthumb -o "tetrisGame/tetrisLeveling.o"
arm-none-eabi-gcc "../tetrisGame/tetrisScoring.c" -mcpu=cortex-m0plus -std=gnu11 -g3 -DDEBUG -DUSE_HAL_DRIVER -DSTM32L031xx -c -I../Core/Inc -I"C:/Users/pontet/Desktop/Tetris_STM/Tetris_STM_code/tetrisGame" -I../Drivers/STM32L0xx_HAL_Driver/Inc -I../Drivers/STM32L0xx_HAL_Driver/Inc/Legacy -I../Drivers/CMSIS/Device/ST/STM32L0xx/Include -I../Drivers/CMSIS/Include -I"C:/Users/pontet/Desktop/Tetris_STM/Tetris_STM_code/ssd1306" -Os -ffunction-sections -fdata-sections -Wall -fstack-usage -fcyclomatic-complexity -MMD -MP -MF"tetrisGame/tetrisScoring.d" -MT"tetrisGame/tetrisScoring.o" --specs=nano.specs -mfloat-abi=soft -mthumb -o "tetrisGame/tetrisScoring.o"
../tetrisGame/tetrisScoring.c: In function 'addScoreLine':
../tetrisGame/tetrisScoring.c:52:27: warning: implicit declaration of function 'getLevelNumber' [-Wimplicit-function-declaration]
   52 |         int levelNumber = getLevelNumber();
      |                           ^~~~~~~~~~~~~~
arm-none-eabi-gcc -o "Tetris_STM_code.elf" @"objects.list"   -mcpu=cortex-m0plus -T"C:\Users\pontet\Desktop\Tetris_STM\Tetris_STM_code\STM32L031K6TX_FLASH.ld" --specs=nosys.specs -Wl,-Map="Tetris_STM_code.map" -Wl,--gc-sections -static --specs=nano.specs -mfloat-abi=soft -mthumb -Wl,--start-group -lc -lm -Wl,--end-group
C:/ST/STM32CubeIDE_1.2.0/STM32CubeIDE/plugins/com.st.stm32cube.ide.mcu.externaltools.gnu-tools-for-stm32.11.3.rel1.win32_1.1.100.202309141235/tools/bin/../lib/gcc/arm-none-eabi/11.3.1/../../../../arm-none-eabi/bin/ld.exe: ./tetrisGame/tetrisScoring.o:C:/Users/pontet/Desktop/Tetris_STM/Tetris_STM_code/Debug/../tetrisGame/tetrisScoring.c:17: multiple definition of `levelNumber'; ./tetrisGame/tetrisLeveling.o:C:/Users/pontet/Desktop/Tetris_STM/Tetris_STM_code/Debug/../tetrisGame/tetrisLeveling.c:15: first defined here
collect2.exe: error: ld returned 1 exit status
make: *** [makefile:69: Tetris_STM_code.elf] Error 1
"make -j16 all" terminated with exit code 2. Build might be incomplete.
11:44:11 **** Incremental Build of configuration Debug for project Tetris_STM_code ****
make -j16 all 
arm-none-eabi-gcc "../tetrisGame/tetrisLeveling.c" -mcpu=cortex-m0plus -std=gnu11 -g3 -DDEBUG -DUSE_HAL_DRIVER -DSTM32L031xx -c -I../Core/Inc -I"C:/Users/pontet/Desktop/Tetris_STM/Tetris_STM_code/tetrisGame" -I../Drivers/STM32L0xx_HAL_Driver/Inc -I../Drivers/STM32L0xx_HAL_Driver/Inc/Legacy -I../Drivers/CMSIS/Device/ST/STM32L0xx/Include -I../Drivers/CMSIS/Include -I"C:/Users/pontet/Desktop/Tetris_STM/Tetris_STM_code/ssd1306" -Os -ffunction-sections -fdata-sections -Wall -fstack-usage -fcyclomatic-complexity -MMD -MP -MF"tetrisGame/tetrisLeveling.d" -MT"tetrisGame/tetrisLeveling.o" --specs=nano.specs -mfloat-abi=soft -mthumb -o "tetrisGame/tetrisLeveling.o"
arm-none-eabi-gcc "../tetrisGame/tetrisScoring.c" -mcpu=cortex-m0plus -std=gnu11 -g3 -DDEBUG -DUSE_HAL_DRIVER -DSTM32L031xx -c -I../Core/Inc -I"C:/Users/pontet/Desktop/Tetris_STM/Tetris_STM_code/tetrisGame" -I../Drivers/STM32L0xx_HAL_Driver/Inc -I../Drivers/STM32L0xx_HAL_Driver/Inc/Legacy -I../Drivers/CMSIS/Device/ST/STM32L0xx/Include -I../Drivers/CMSIS/Include -I"C:/Users/pontet/Desktop/Tetris_STM/Tetris_STM_code/ssd1306" -Os -ffunction-sections -fdata-sections -Wall -fstack-usage -fcyclomatic-complexity -MMD -MP -MF"tetrisGame/tetrisScoring.d" -MT"tetrisGame/tetrisScoring.o" --specs=nano.specs -mfloat-abi=soft -mthumb -o "tetrisGame/tetrisScoring.o"
arm-none-eabi-gcc -o "Tetris_STM_code.elf" @"objects.list"   -mcpu=cortex-m0plus -T"C:\Users\pontet\Desktop\Tetris_STM\Tetris_STM_code\STM32L031K6TX_FLASH.ld" --specs=nosys.specs -Wl,-Map="Tetris_STM_code.map" -Wl,--gc-sections -static --specs=nano.specs -mfloat-abi=soft -mthumb -Wl,--start-group -lc -lm -Wl,--end-group
C:/ST/STM32CubeIDE_1.2.0/STM32CubeIDE/plugins/com.st.stm32cube.ide.mcu.externaltools.gnu-tools-for-stm32.11.3.rel1.win32_1.1.100.202309141235/tools/bin/../lib/gcc/arm-none-eabi/11.3.1/../../../../arm-none-eabi/bin/ld.exe: ./tetrisGame/tetrisScoring.o:C:/Users/pontet/Desktop/Tetris_STM/Tetris_STM_code/Debug/../tetrisGame/tetrisScoring.c:17: multiple definition of `levelNumber'; ./tetrisGame/tetrisLeveling.o:C:/Users/pontet/Desktop/Tetris_STM/Tetris_STM_code/Debug/../tetrisGame/tetrisLeveling.c:15: first defined here
collect2.exe: error: ld returned 1 exit status
make: *** [makefile:69: Tetris_STM_code.elf] Error 1
"make -j16 all" terminated with exit code 2. Build might be incomplete.
11:44:28 **** Incremental Build of configuration Debug for project Tetris_STM_code ****
make -j16 all 
arm-none-eabi-gcc -o "Tetris_STM_code.elf" @"objects.list"   -mcpu=cortex-m0plus -T"C:\Users\pontet\Desktop\Tetris_STM\Tetris_STM_code\STM32L031K6TX_FLASH.ld" --specs=nosys.specs -Wl,-Map="Tetris_STM_code.map" -Wl,--gc-sections -static --specs=nano.specs -mfloat-abi=soft -mthumb -Wl,--start-group -lc -lm -Wl,--end-group
C:/ST/STM32CubeIDE_1.2.0/STM32CubeIDE/plugins/com.st.stm32cube.ide.mcu.externaltools.gnu-tools-for-stm32.11.3.rel1.win32_1.1.100.202309141235/tools/bin/../lib/gcc/arm-none-eabi/11.3.1/../../../../arm-none-eabi/bin/ld.exe: ./tetrisGame/tetrisScoring.o:C:/Users/pontet/Desktop/Tetris_STM/Tetris_STM_code/Debug/../tetrisGame/tetrisScoring.c:17: multiple definition of `levelNumber'; ./tetrisGame/tetrisLeveling.o:C:/Users/pontet/Desktop/Tetris_STM/Tetris_STM_code/Debug/../tetrisGame/tetrisLeveling.c:15: first defined here
collect2.exe: error: ld returned 1 exit status
make: *** [makefile:69: Tetris_STM_code.elf] Error 1
"make -j16 all" terminated with exit code 2. Build might be incomplete.
11:44:59 **** Incremental Build of configuration Debug for project Tetris_STM_code ****
make -j16 all 
arm-none-eabi-gcc -o "Tetris_STM_code.elf" @"objects.list"   -mcpu=cortex-m0plus -T"C:\Users\pontet\Desktop\Tetris_STM\Tetris_STM_code\STM32L031K6TX_FLASH.ld" --specs=nosys.specs -Wl,-Map="Tetris_STM_code.map" -Wl,--gc-sections -static --specs=nano.specs -mfloat-abi=soft -mthumb -Wl,--start-group -lc -lm -Wl,--end-group
C:/ST/STM32CubeIDE_1.2.0/STM32CubeIDE/plugins/com.st.stm32cube.ide.mcu.externaltools.gnu-tools-for-stm32.11.3.rel1.win32_1.1.100.202309141235/tools/bin/../lib/gcc/arm-none-eabi/11.3.1/../../../../arm-none-eabi/bin/ld.exe: ./tetrisGame/tetrisScoring.o:C:/Users/pontet/Desktop/Tetris_STM/Tetris_STM_code/Debug/../tetrisGame/tetrisScoring.c:17: multiple definition of `levelNumber'; ./tetrisGame/tetrisLeveling.o:C:/Users/pontet/Desktop/Tetris_STM/Tetris_STM_code/Debug/../tetrisGame/tetrisLeveling.c:15: first defined here
collect2.exe: error: ld returned 1 exit status
make: *** [makefile:69: Tetris_STM_code.elf] Error 1
"make -j16 all" terminated with exit code 2. Build might be incomplete.
11:48:15 **** Incremental Build of configuration Debug for project Tetris_STM_code ****
make -j16 all 
arm-none-eabi-gcc "../tetrisGame/tetrisLeveling.c" -mcpu=cortex-m0plus -std=gnu11 -g3 -DDEBUG -DUSE_HAL_DRIVER -DSTM32L031xx -c -I../Core/Inc -I"C:/Users/pontet/Desktop/Tetris_STM/Tetris_STM_code/tetrisGame" -I../Drivers/STM32L0xx_HAL_Driver/Inc -I../Drivers/STM32L0xx_HAL_Driver/Inc/Legacy -I../Drivers/CMSIS/Device/ST/STM32L0xx/Include -I../Drivers/CMSIS/Include -I"C:/Users/pontet/Desktop/Tetris_STM/Tetris_STM_code/ssd1306" -Os -ffunction-sections -fdata-sections -Wall -fstack-usage -fcyclomatic-complexity -MMD -MP -MF"tetrisGame/tetrisLeveling.d" -MT"tetrisGame/tetrisLeveling.o" --specs=nano.specs -mfloat-abi=soft -mthumb -o "tetrisGame/tetrisLeveling.o"
arm-none-eabi-gcc -o "Tetris_STM_code.elf" @"objects.list"   -mcpu=cortex-m0plus -T"C:\Users\pontet\Desktop\Tetris_STM\Tetris_STM_code\STM32L031K6TX_FLASH.ld" --specs=nosys.specs -Wl,-Map="Tetris_STM_code.map" -Wl,--gc-sections -static --specs=nano.specs -mfloat-abi=soft -mthumb -Wl,--start-group -lc -lm -Wl,--end-group
C:/ST/STM32CubeIDE_1.2.0/STM32CubeIDE/plugins/com.st.stm32cube.ide.mcu.externaltools.gnu-tools-for-stm32.11.3.rel1.win32_1.1.100.202309141235/tools/bin/../lib/gcc/arm-none-eabi/11.3.1/../../../../arm-none-eabi/bin/ld.exe: ./tetrisGame/tetrisScoring.o:C:/Users/pontet/Desktop/Tetris_STM/Tetris_STM_code/Debug/../tetrisGame/tetrisScoring.c:17: multiple definition of `levelNumber'; ./tetrisGame/tetrisLeveling.o:C:/Users/pontet/Desktop/Tetris_STM/Tetris_STM_code/Debug/../tetrisGame/tetrisLeveling.c:15: first defined here
collect2.exe: error: ld returned 1 exit status
make: *** [makefile:69: Tetris_STM_code.elf] Error 1
"make -j16 all" terminated with exit code 2. Build might be incomplete.
11:49:08 **** Incremental Build of configuration Debug for project Tetris_STM_code ****
make -j16 all 
arm-none-eabi-gcc "../tetrisGame/tetrisScoring.c" -mcpu=cortex-m0plus -std=gnu11 -g3 -DDEBUG -DUSE_HAL_DRIVER -DSTM32L031xx -c -I../Core/Inc -I"C:/Users/pontet/Desktop/Tetris_STM/Tetris_STM_code/tetrisGame" -I../Drivers/STM32L0xx_HAL_Driver/Inc -I../Drivers/STM32L0xx_HAL_Driver/Inc/Legacy -I../Drivers/CMSIS/Device/ST/STM32L0xx/Include -I../Drivers/CMSIS/Include -I"C:/Users/pontet/Desktop/Tetris_STM/Tetris_STM_code/ssd1306" -Os -ffunction-sections -fdata-sections -Wall -fstack-usage -fcyclomatic-complexity -MMD -MP -MF"tetrisGame/tetrisScoring.d" -MT"tetrisGame/tetrisScoring.o" --specs=nano.specs -mfloat-abi=soft -mthumb -o "tetrisGame/tetrisScoring.o"
arm-none-eabi-gcc -o "Tetris_STM_code.elf" @"objects.list"   -mcpu=cortex-m0plus -T"C:\Users\pontet\Desktop\Tetris_STM\Tetris_STM_code\STM32L031K6TX_FLASH.ld" --specs=nosys.specs -Wl,-Map="Tetris_STM_code.map" -Wl,--gc-sections -static --specs=nano.specs -mfloat-abi=soft -mthumb -Wl,--start-group -lc -lm -Wl,--end-group
C:/ST/STM32CubeIDE_1.2.0/STM32CubeIDE/plugins/com.st.stm32cube.ide.mcu.externaltools.gnu-tools-for-stm32.11.3.rel1.win32_1.1.100.202309141235/tools/bin/../lib/gcc/arm-none-eabi/11.3.1/../../../../arm-none-eabi/bin/ld.exe: ./tetrisGame/tetrisScoring.o:C:/Users/pontet/Desktop/Tetris_STM/Tetris_STM_code/Debug/../tetrisGame/tetrisScoring.c:17: multiple definition of `levelNumber'; ./tetrisGame/tetrisLeveling.o:C:/Users/pontet/Desktop/Tetris_STM/Tetris_STM_code/Debug/../tetrisGame/tetrisLeveling.c:15: first defined here
collect2.exe: error: ld returned 1 exit status
make: *** [makefile:69: Tetris_STM_code.elf] Error 1
"make -j16 all" terminated with exit code 2. Build might be incomplete.
11:52:13 **** Incremental Build of configuration Debug for project Tetris_STM_code ****
make -j16 all 
arm-none-eabi-gcc "../tetrisGame/tetrisScoring.c" -mcpu=cortex-m0plus -std=gnu11 -g3 -DDEBUG -DUSE_HAL_DRIVER -DSTM32L031xx -c -I../Core/Inc -I"C:/Users/pontet/Desktop/Tetris_STM/Tetris_STM_code/tetrisGame" -I../Drivers/STM32L0xx_HAL_Driver/Inc -I../Drivers/STM32L0xx_HAL_Driver/Inc/Legacy -I../Drivers/CMSIS/Device/ST/STM32L0xx/Include -I../Drivers/CMSIS/Include -I"C:/Users/pontet/Desktop/Tetris_STM/Tetris_STM_code/ssd1306" -Os -ffunction-sections -fdata-sections -Wall -fstack-usage -fcyclomatic-complexity -MMD -MP -MF"tetrisGame/tetrisScoring.d" -MT"tetrisGame/tetrisScoring.o" --specs=nano.specs -mfloat-abi=soft -mthumb -o "tetrisGame/tetrisScoring.o"
arm-none-eabi-gcc -o "Tetris_STM_code.elf" @"objects.list"   -mcpu=cortex-m0plus -T"C:\Users\pontet\Desktop\Tetris_STM\Tetris_STM_code\STM32L031K6TX_FLASH.ld" --specs=nosys.specs -Wl,-Map="Tetris_STM_code.map" -Wl,--gc-sections -static --specs=nano.specs -mfloat-abi=soft -mthumb -Wl,--start-group -lc -lm -Wl,--end-group
C:/ST/STM32CubeIDE_1.2.0/STM32CubeIDE/plugins/com.st.stm32cube.ide.mcu.externaltools.gnu-tools-for-stm32.11.3.rel1.win32_1.1.100.202309141235/tools/bin/../lib/gcc/arm-none-eabi/11.3.1/../../../../arm-none-eabi/bin/ld.exe: ./tetrisGame/tetrisScoring.o:C:/Users/pontet/Desktop/Tetris_STM/Tetris_STM_code/Debug/../tetrisGame/tetrisScoring.c:17: multiple definition of `levelNumber'; ./tetrisGame/tetrisLeveling.o:C:/Users/pontet/Desktop/Tetris_STM/Tetris_STM_code/Debug/../tetrisGame/tetrisLeveling.c:15: first defined here
collect2.exe: error: ld returned 1 exit status
make: *** [makefile:69: Tetris_STM_code.elf] Error 1
"make -j16 all" terminated with exit code 2. Build might be incomplete.
11:52:40 **** Incremental Build of configuration Debug for project Tetris_STM_code ****
make -j16 all 
arm-none-eabi-gcc "../tetrisGame/tetrisScoring.c" -mcpu=cortex-m0plus -std=gnu11 -g3 -DDEBUG -DUSE_HAL_DRIVER -DSTM32L031xx -c -I../Core/Inc -I"C:/Users/pontet/Desktop/Tetris_STM/Tetris_STM_code/tetrisGame" -I../Drivers/STM32L0xx_HAL_Driver/Inc -I../Drivers/STM32L0xx_HAL_Driver/Inc/Legacy -I../Drivers/CMSIS/Device/ST/STM32L0xx/Include -I../Drivers/CMSIS/Include -I"C:/Users/pontet/Desktop/Tetris_STM/Tetris_STM_code/ssd1306" -Os -ffunction-sections -fdata-sections -Wall -fstack-usage -fcyclomatic-complexity -MMD -MP -MF"tetrisGame/tetrisScoring.d" -MT"tetrisGame/tetrisScoring.o" --specs=nano.specs -mfloat-abi=soft -mthumb -o "tetrisGame/tetrisScoring.o"
arm-none-eabi-gcc -o "Tetris_STM_code.elf" @"objects.list"   -mcpu=cortex-m0plus -T"C:\Users\pontet\Desktop\Tetris_STM\Tetris_STM_code\STM32L031K6TX_FLASH.ld" --specs=nosys.specs -Wl,-Map="Tetris_STM_code.map" -Wl,--gc-sections -static --specs=nano.specs -mfloat-abi=soft -mthumb -Wl,--start-group -lc -lm -Wl,--end-group
Finished building target: Tetris_STM_code.elf
 
arm-none-eabi-size  Tetris_STM_code.elf 
arm-none-eabi-objdump -h -S Tetris_STM_code.elf  > "Tetris_STM_code.list"
   text	   data	    bss	    dec	    hex	filename
  15488	   1920	   3168	  20576	   5060	Tetris_STM_code.elf
arm-none-eabi-objcopy  -O binary Tetris_STM_code.elf  "Tetris_STM_code.bin"
Finished building: default.size.stdout
 
Finished building: Tetris_STM_code.bin
 
Finished building: Tetris_STM_code.list
 
11:52:51 **** Incremental Build of configuration Debug for project Tetris_STM_code ****
make -j16 all 
arm-none-eabi-size  Tetris_STM_code.elf 
   text	   data	    bss	    dec	    hex	filename
  15488	   1920	   3168	  20576	   5060	Tetris_STM_code.elf
Finished building: default.size.stdout
 
11:53:17 **** Incremental Build of configuration Debug for project Tetris_STM_code ****
make -j16 all 
arm-none-eabi-gcc "../tetrisGame/tetrisLeveling.c" -mcpu=cortex-m0plus -std=gnu11 -g3 -DDEBUG -DUSE_HAL_DRIVER -DSTM32L031xx -c -I../Core/Inc -I"C:/Users/pontet/Desktop/Tetris_STM/Tetris_STM_code/tetrisGame" -I../Drivers/STM32L0xx_HAL_Driver/Inc -I../Drivers/STM32L0xx_HAL_Driver/Inc/Legacy -I../Drivers/CMSIS/Device/ST/STM32L0xx/Include -I../Drivers/CMSIS/Include -I"C:/Users/pontet/Desktop/Tetris_STM/Tetris_STM_code/ssd1306" -Os -ffunction-sections -fdata-sections -Wall -fstack-usage -fcyclomatic-complexity -MMD -MP -MF"tetrisGame/tetrisLeveling.d" -MT"tetrisGame/tetrisLeveling.o" --specs=nano.specs -mfloat-abi=soft -mthumb -o "tetrisGame/tetrisLeveling.o"
arm-none-eabi-gcc -o "Tetris_STM_code.elf" @"objects.list"   -mcpu=cortex-m0plus -T"C:\Users\pontet\Desktop\Tetris_STM\Tetris_STM_code\STM32L031K6TX_FLASH.ld" --specs=nosys.specs -Wl,-Map="Tetris_STM_code.map" -Wl,--gc-sections -static --specs=nano.specs -mfloat-abi=soft -mthumb -Wl,--start-group -lc -lm -Wl,--end-group
Finished building target: Tetris_STM_code.elf
 
arm-none-eabi-size  Tetris_STM_code.elf 
arm-none-eabi-objdump -h -S Tetris_STM_code.elf  > "Tetris_STM_code.list"
   text	   data	    bss	    dec	    hex	filename
  15488	   1920	   3168	  20576	   5060	Tetris_STM_code.elf
arm-none-eabi-objcopy  -O binary Tetris_STM_code.elf  "Tetris_STM_code.bin"
Finished building: default.size.stdout
 
Finished building: Tetris_STM_code.bin
 
Finished building: Tetris_STM_code.list
 
11:53:31 **** Incremental Build of configuration Debug for project Tetris_STM_code ****
make -j16 all 
arm-none-eabi-gcc "../tetrisGame/tetrisGame.c" -mcpu=cortex-m0plus -std=gnu11 -g3 -DDEBUG -DUSE_HAL_DRIVER -DSTM32L031xx -c -I../Core/Inc -I"C:/Users/pontet/Desktop/Tetris_STM/Tetris_STM_code/tetrisGame" -I../Drivers/STM32L0xx_HAL_Driver/Inc -I../Drivers/STM32L0xx_HAL_Driver/Inc/Legacy -I../Drivers/CMSIS/Device/ST/STM32L0xx/Include -I../Drivers/CMSIS/Include -I"C:/Users/pontet/Desktop/Tetris_STM/Tetris_STM_code/ssd1306" -Os -ffunction-sections -fdata-sections -Wall -fstack-usage -fcyclomatic-complexity -MMD -MP -MF"tetrisGame/tetrisGame.d" -MT"tetrisGame/tetrisGame.o" --specs=nano.specs -mfloat-abi=soft -mthumb -o "tetrisGame/tetrisGame.o"
arm-none-eabi-gcc -o "Tetris_STM_code.elf" @"objects.list"   -mcpu=cortex-m0plus -T"C:\Users\pontet\Desktop\Tetris_STM\Tetris_STM_code\STM32L031K6TX_FLASH.ld" --specs=nosys.specs -Wl,-Map="Tetris_STM_code.map" -Wl,--gc-sections -static --specs=nano.specs -mfloat-abi=soft -mthumb -Wl,--start-group -lc -lm -Wl,--end-group
Finished building target: Tetris_STM_code.elf
 
arm-none-eabi-size  Tetris_STM_code.elf 
arm-none-eabi-objdump -h -S Tetris_STM_code.elf  > "Tetris_STM_code.list"
   text	   data	    bss	    dec	    hex	filename
  15488	   1920	   3168	  20576	   5060	Tetris_STM_code.elf
arm-none-eabi-objcopy  -O binary Tetris_STM_code.elf  "Tetris_STM_code.bin"
Finished building: default.size.stdout
 
Finished building: Tetris_STM_code.bin
 
Finished building: Tetris_STM_code.list
 
11:54:09 **** Incremental Build of configuration Debug for project Tetris_STM_code ****
make -j16 all 
arm-none-eabi-gcc "../tetrisGame/tetrisGame.c" -mcpu=cortex-m0plus -std=gnu11 -g3 -DDEBUG -DUSE_HAL_DRIVER -DSTM32L031xx -c -I../Core/Inc -I"C:/Users/pontet/Desktop/Tetris_STM/Tetris_STM_code/tetrisGame" -I../Drivers/STM32L0xx_HAL_Driver/Inc -I../Drivers/STM32L0xx_HAL_Driver/Inc/Legacy -I../Drivers/CMSIS/Device/ST/STM32L0xx/Include -I../Drivers/CMSIS/Include -I"C:/Users/pontet/Desktop/Tetris_STM/Tetris_STM_code/ssd1306" -Os -ffunction-sections -fdata-sections -Wall -fstack-usage -fcyclomatic-complexity -MMD -MP -MF"tetrisGame/tetrisGame.d" -MT"tetrisGame/tetrisGame.o" --specs=nano.specs -mfloat-abi=soft -mthumb -o "tetrisGame/tetrisGame.o"
arm-none-eabi-gcc -o "Tetris_STM_code.elf" @"objects.list"   -mcpu=cortex-m0plus -T"C:\Users\pontet\Desktop\Tetris_STM\Tetris_STM_code\STM32L031K6TX_FLASH.ld" --specs=nosys.specs -Wl,-Map="Tetris_STM_code.map" -Wl,--gc-sections -static --specs=nano.specs -mfloat-abi=soft -mthumb -Wl,--start-group -lc -lm -Wl,--end-group
Finished building target: Tetris_STM_code.elf
 
arm-none-eabi-size  Tetris_STM_code.elf 
arm-none-eabi-objdump -h -S Tetris_STM_code.elf  > "Tetris_STM_code.list"
   text	   data	    bss	    dec	    hex	filename
  15488	   1920	   3168	  20576	   5060	Tetris_STM_code.elf
arm-none-eabi-objcopy  -O binary Tetris_STM_code.elf  "Tetris_STM_code.bin"
Finished building: default.size.stdout
 
Finished building: Tetris_STM_code.bin
 
Finished building: Tetris_STM_code.list
 
11:56:31 **** Incremental Build of configuration Debug for project Tetris_STM_code ****
make -j16 all 
arm-none-eabi-gcc "../tetrisGame/tetrisLeveling.c" -mcpu=cortex-m0plus -std=gnu11 -g3 -DDEBUG -DUSE_HAL_DRIVER -DSTM32L031xx -c -I../Core/Inc -I"C:/Users/pontet/Desktop/Tetris_STM/Tetris_STM_code/tetrisGame" -I../Drivers/STM32L0xx_HAL_Driver/Inc -I../Drivers/STM32L0xx_HAL_Driver/Inc/Legacy -I../Drivers/CMSIS/Device/ST/STM32L0xx/Include -I../Drivers/CMSIS/Include -I"C:/Users/pontet/Desktop/Tetris_STM/Tetris_STM_code/ssd1306" -Os -ffunction-sections -fdata-sections -Wall -fstack-usage -fcyclomatic-complexity -MMD -MP -MF"tetrisGame/tetrisLeveling.d" -MT"tetrisGame/tetrisLeveling.o" --specs=nano.specs -mfloat-abi=soft -mthumb -o "tetrisGame/tetrisLeveling.o"
arm-none-eabi-gcc -o "Tetris_STM_code.elf" @"objects.list"   -mcpu=cortex-m0plus -T"C:\Users\pontet\Desktop\Tetris_STM\Tetris_STM_code\STM32L031K6TX_FLASH.ld" --specs=nosys.specs -Wl,-Map="Tetris_STM_code.map" -Wl,--gc-sections -static --specs=nano.specs -mfloat-abi=soft -mthumb -Wl,--start-group -lc -lm -Wl,--end-group
Finished building target: Tetris_STM_code.elf
 
arm-none-eabi-size  Tetris_STM_code.elf 
arm-none-eabi-objdump -h -S Tetris_STM_code.elf  > "Tetris_STM_code.list"
   text	   data	    bss	    dec	    hex	filename
  15488	   1920	   3168	  20576	   5060	Tetris_STM_code.elf
arm-none-eabi-objcopy  -O binary Tetris_STM_code.elf  "Tetris_STM_code.bin"
Finished building: default.size.stdout
 
Finished building: Tetris_STM_code.bin
 
Finished building: Tetris_STM_code.list
 
11:58:01 **** Incremental Build of configuration Debug for project Tetris_STM_code ****
make -j16 all 
arm-none-eabi-gcc "../tetrisGame/tetrisGame.c" -mcpu=cortex-m0plus -std=gnu11 -g3 -DDEBUG -DUSE_HAL_DRIVER -DSTM32L031xx -c -I../Core/Inc -I"C:/Users/pontet/Desktop/Tetris_STM/Tetris_STM_code/tetrisGame" -I../Drivers/STM32L0xx_HAL_Driver/Inc -I../Drivers/STM32L0xx_HAL_Driver/Inc/Legacy -I../Drivers/CMSIS/Device/ST/STM32L0xx/Include -I../Drivers/CMSIS/Include -I"C:/Users/pontet/Desktop/Tetris_STM/Tetris_STM_code/ssd1306" -Os -ffunction-sections -fdata-sections -Wall -fstack-usage -fcyclomatic-complexity -MMD -MP -MF"tetrisGame/tetrisGame.d" -MT"tetrisGame/tetrisGame.o" --specs=nano.specs -mfloat-abi=soft -mthumb -o "tetrisGame/tetrisGame.o"
arm-none-eabi-gcc -o "Tetris_STM_code.elf" @"objects.list"   -mcpu=cortex-m0plus -T"C:\Users\pontet\Desktop\Tetris_STM\Tetris_STM_code\STM32L031K6TX_FLASH.ld" --specs=nosys.specs -Wl,-Map="Tetris_STM_code.map" -Wl,--gc-sections -static --specs=nano.specs -mfloat-abi=soft -mthumb -Wl,--start-group -lc -lm -Wl,--end-group
Finished building target: Tetris_STM_code.elf
 
arm-none-eabi-size  Tetris_STM_code.elf 
arm-none-eabi-objdump -h -S Tetris_STM_code.elf  > "Tetris_STM_code.list"
   text	   data	    bss	    dec	    hex	filename
  15488	   1920	   3168	  20576	   5060	Tetris_STM_code.elf
arm-none-eabi-objcopy  -O binary Tetris_STM_code.elf  "Tetris_STM_code.bin"
Finished building: default.size.stdout
 
Finished building: Tetris_STM_code.bin
 
Finished building: Tetris_STM_code.list
 
